{"message":"Server running and listening to port 8080","level":"info"}
{"message":"Server running and listening to port 8080","level":"info"}
{"message":"server abruptly stopped","level":"info"}
{"message":"Server running and listening to port 8080","level":"info"}
{"message":"Server abruptly stopped","level":"info"}
{"message":"Server running and listening to port 8080","level":"info"}
{"message":"Server abruptly stopped","level":"info"}
{"message":"Server running and listening to port 8080","level":"info"}
{"message":"Server abruptly stopped","level":"info"}
{"message":"Server running and listening to port 8080","level":"info"}
{"message":"Server running and listening to port 8080","level":"info"}
{"message":"Server running and listening to port 8080","level":"info"}
{"message":"Server running and listening to port 8080","level":"info"}
{"message":"Server running and listening to port 8080","level":"info"}
{"message":"Server running and listening to port 8085","level":"info"}
{"message":"Server running and listening to port 8085","level":"info"}
{"message":"Server running and listening at http://localhost:8085","level":"info"}
{"message":"Server abruptly stopped","level":"info"}
{"message":"Server running and listening at http://localhost:8085","level":"info"}
{"message":"Server running and listening at http://localhost:8085","level":"info"}
{"message":"Server running and listening at http://localhost:8085","level":"info"}
{"message":"Server abruptly stopped","level":"info"}
{"message":"Server running and listening at http://localhost:8085","level":"info"}
{"message":"Server abruptly stopped","level":"info"}
{"message":"Server running and listening at http://localhost:8085/api","level":"info"}
{"message":"Server abruptly stopped","level":"info"}
{"message":"Server running and listening at http://localhost:8085/api","level":"info"}
{"message":"Server running and listening at http://localhost:8085/api","level":"info"}
{"message":"Server abruptly stopped","level":"info"}
{"message":"Server running and listening at http://localhost:8085/api","level":"info"}
{"message":"Server running and listening at http://localhost:8085/api","level":"info"}
{"message":"Server abruptly stopped","level":"info"}
{"message":"Server running and listening at http://localhost:8085/api","level":"info"}
{"message":"Server abruptly stopped","level":"info"}
{"message":"Server running and listening at http://localhost:8085/api","level":"info"}
{"message":"Server running and listening at http://localhost:8085/api","level":"info"}
{"message":"Server abruptly stopped","level":"info"}
{"message":"Server running and listening at http://localhost:8085/api","level":"info"}
{"message":"Server running and listening at http://localhost:8085/api","level":"info"}
{"message":"Server abruptly stopped","level":"info"}
{"message":"Server running and listening at http://localhost:8085/api","level":"info"}
{"message":"Server running and listening at http://localhost:8085/api","level":"info"}
{"message":"Server running and listening at http://localhost:8085/api","level":"info"}
{"message":"Server running and listening at http://localhost:8085/api","level":"info"}
{"message":"Server running and listening at http://localhost:8085/api","level":"info"}
{"message":"Server running and listening at http://localhost:8085/api","level":"info"}
{"message":"Server abruptly stopped","level":"info"}
{"message":"Server running and listening at http://localhost:8085/api","level":"info"}
{"message":"Server abruptly stopped","level":"info"}
{"message":"Server running and listening at http://localhost:8085/api","level":"info"}
{"message":"Server abruptly stopped","level":"info"}
{"message":"Server running and listening at http://localhost:8085/api","level":"info"}
{"message":"Server running and listening at http://localhost:8085/api","level":"info"}
{"message":"Server running and listening at http://localhost:8085/api","level":"info"}
{"message":"Server running and listening at http://localhost:8085/api","level":"info"}
{"message":"Server abruptly stopped","level":"info"}
{"message":"Server running and listening at http://localhost:8085/api","level":"info"}
{"message":"Server running and listening at http://localhost:8085/api","level":"info"}
{"message":"Server running and listening at http://localhost:8085/api","level":"info"}
{"message":"Server abruptly stopped","level":"info"}
{"message":"Server running and listening at http://localhost:8085/api","level":"info"}
{"message":"Server abruptly stopped","level":"info"}
{"message":"Server running and listening at http://localhost:8085/api","level":"info"}
{"message":"Server abruptly stopped","level":"info"}
{"message":"Server running and listening at http://localhost:8085/api","level":"info"}
{"message":"Server running and listening at http://localhost:8085/api","level":"info"}
{"message":"Server abruptly stopped","level":"info"}
{"message":"Server running and listening at http://localhost:8085/api","level":"info"}
{"message":"Server running and listening at http://localhost:8085/api","level":"info"}
{"message":"Server running and listening at http://localhost:8085/api","level":"info"}
{"message":"Server abruptly stopped","level":"info"}
{"message":"Server running and listening at http://localhost:8085/api","level":"info"}
{"message":"Server abruptly stopped","level":"info"}
{"message":"Server running and listening at http://localhost:8085/api","level":"info"}
{"message":"Server abruptly stopped","level":"info"}
{"message":"Server running and listening at http://localhost:8085/api","level":"info"}
{"message":"Server abruptly stopped","level":"info"}
{"message":"Server running and listening at http://localhost:8085/api","level":"info"}
{"message":"Server abruptly stopped","level":"info"}
{"message":"Server running and listening at http://localhost:8085/api","level":"info"}
{"message":"Server abruptly stopped","level":"info"}
{"message":"Server running and listening at http://localhost:8085/api","level":"info"}
{"message":"Server abruptly stopped","level":"info"}
{"message":"Server running and listening at http://localhost:8085/api","level":"info"}
{"message":"Server abruptly stopped","level":"info"}
{"message":"Server running and listening at http://localhost:8085/api","level":"info"}
{"message":"Server abruptly stopped","level":"info"}
{"message":"Server running and listening at http://localhost:8085/api","level":"info"}
{"message":"Server abruptly stopped","level":"info"}
{"message":"Server running and listening at http://localhost:8085/api","level":"info"}
{"message":"Server abruptly stopped","level":"info"}
{"message":"Server running and listening at http://localhost:8085/api","level":"info"}
{"message":"Server abruptly stopped","level":"info"}
{"message":"Server running and listening at http://localhost:8085/api","level":"info"}
{"message":"Server abruptly stopped","level":"info"}
{"message":"Server running and listening at http://localhost:8085/api","level":"info"}
{"message":"Server abruptly stopped","level":"info"}
{"message":"Server running and listening at http://localhost:8085/api","level":"info"}
{"message":"Server abruptly stopped","level":"info"}
{"message":"Server running and listening at http://localhost:8085/api","level":"info"}
{"message":"Server running and listening at http://localhost:8085/api","level":"info"}
{"message":"Server abruptly stopped","level":"info"}
{"message":"Server running and listening at http://localhost:8085/api","level":"info"}
{"message":"Server running and listening at http://localhost:8085/api","level":"info"}
{"message":"Server running and listening at http://localhost:8085/api","level":"info"}
{"message":"Server running and listening at http://localhost:8085/api","level":"info"}
{"message":"Server running and listening at http://localhost:8085/api","level":"info"}
{"message":"Server abruptly stopped","level":"info"}
{"message":"Server running and listening at http://localhost:8085/api","level":"info"}
{"message":"Server abruptly stopped","level":"info"}
{"message":"Server running and listening at http://localhost:8085/api","level":"info"}
{"message":"Server abruptly stopped","level":"info"}
